INFO:root: 2024-07-22 08:55:03.138365: Inicializacion de la Aplicacion
INFO:root: 2024-07-22 08:55:03.736432: Inicializacion del configurador de ajuste de resolucion
INFO:root: 2024-07-22 08:55:03.736432: assert\QRes.exe /l
INFO:root: 2024-07-22 08:55:03.761457: Inicializacion del configurador de ajuste de resolucion
INFO:root: 2024-07-22 08:55:03.761457: assert\QRes.exe /l
INFO:root: 2024-07-22 09:05:32.520930: Inicializacion de la Aplicacion
INFO:root: 2024-07-22 09:05:32.682288: Inicializacion del configurador de ajuste de resolucion
INFO:root: 2024-07-22 09:05:32.682288: assert\QRes.exe /l
INFO:root: 2024-07-22 09:05:32.707666: Inicializacion del configurador de ajuste de resolucion
INFO:root: 2024-07-22 09:05:32.707666: assert\QRes.exe /l
INFO:root: 2024-07-22 10:23:34.146292: Inicializacion de la Aplicacion
INFO:root: 2024-07-22 10:23:34.291058: Inicializacion del configurador de ajuste de resolucion
INFO:root: 2024-07-22 10:23:34.291058: assert\QRes.exe /l
INFO:root: 2024-07-22 10:23:34.315197: Inicializacion del configurador de ajuste de resolucion
INFO:root: 2024-07-22 10:23:34.315197: assert\QRes.exe /l
INFO:root: 2024-07-22 10:23:45.153527: Se esta seleccionando el directorio para la creacion de la aplicacion
INFO:root: 2024-07-22 10:23:47.675370: Se selecciono el directorio C:/APPS/006- Proyecto Instalador de servicio/Instalador Servicio Unicos V0.200/Codigo Fuente
INFO:root: 2024-07-22 13:07:03.538362: Inicializacion de la Aplicacion
INFO:root: 2024-07-22 13:07:03.736838: Inicializacion del configurador de ajuste de resolucion
INFO:root: 2024-07-22 13:07:03.736838: assert\QRes.exe /l
INFO:root: 2024-07-22 13:07:03.756861: Inicializacion del configurador de ajuste de resolucion
INFO:root: 2024-07-22 13:07:03.756861: assert\QRes.exe /l
