INFO:root: 2024-04-13 13:35:27.225863: Inicializacion de la Aplicacion
INFO:root: 2024-04-13 13:35:27.825392: Inicializacion del configurador de ajuste de resolucion
INFO:root: 2024-04-13 13:35:27.830439: assert\QRes.exe /l
INFO:root: 2024-04-13 13:35:27.850407: Inicializacion del configurador de ajuste de resolucion
INFO:root: 2024-04-13 13:35:27.850407: assert\QRes.exe /l
INFO:root: 2024-04-13 13:36:14.954282: Inicializacion de la Aplicacion
INFO:root: 2024-04-13 13:36:15.095200: Inicializacion del configurador de ajuste de resolucion
INFO:root: 2024-04-13 13:36:15.095200: assert\QRes.exe /l
INFO:root: 2024-04-13 13:36:15.120618: Inicializacion del configurador de ajuste de resolucion
INFO:root: 2024-04-13 13:36:15.120618: assert\QRes.exe /l
INFO:root: 2024-04-13 13:37:24.484089: Inicializacion de la Aplicacion
INFO:root: 2024-04-13 13:37:24.611695: Inicializacion del configurador de ajuste de resolucion
INFO:root: 2024-04-13 13:37:24.612693: assert\QRes.exe /l
INFO:root: 2024-04-13 13:37:24.634746: Inicializacion del configurador de ajuste de resolucion
INFO:root: 2024-04-13 13:37:24.635316: assert\QRes.exe /l
INFO:root: 2024-04-13 13:38:54.837328: Inicializacion de la Aplicacion
INFO:root: 2024-04-13 13:38:54.973939: Inicializacion del configurador de ajuste de resolucion
INFO:root: 2024-04-13 13:38:54.973939: assert\QRes.exe /l
INFO:root: 2024-04-13 13:38:54.997458: Inicializacion del configurador de ajuste de resolucion
INFO:root: 2024-04-13 13:38:54.997458: assert\QRes.exe /l
INFO:root: 2024-04-13 13:39:17.260925: Inicializacion de la Aplicacion
INFO:root: 2024-04-13 13:39:17.386468: Inicializacion del configurador de ajuste de resolucion
INFO:root: 2024-04-13 13:39:17.386468: assert\QRes.exe /l
INFO:root: 2024-04-13 13:39:17.406734: Inicializacion del configurador de ajuste de resolucion
INFO:root: 2024-04-13 13:39:17.406734: assert\QRes.exe /l
INFO:root: 2024-04-13 13:41:22.034867: Inicializacion de la Aplicacion
INFO:root: 2024-04-13 13:41:22.169618: Inicializacion del configurador de ajuste de resolucion
INFO:root: 2024-04-13 13:41:22.169618: assert\QRes.exe /l
INFO:root: 2024-04-13 13:41:22.191310: Inicializacion del configurador de ajuste de resolucion
INFO:root: 2024-04-13 13:41:22.191310: assert\QRes.exe /l
INFO:root: 2024-04-13 13:44:03.984243: Inicializacion de la Aplicacion
INFO:root: 2024-04-13 13:44:04.095046: Inicializacion del configurador de ajuste de resolucion
INFO:root: 2024-04-13 13:44:04.095046: assert\QRes.exe /l
INFO:root: 2024-04-13 13:44:04.118083: Inicializacion del configurador de ajuste de resolucion
INFO:root: 2024-04-13 13:44:04.118083: assert\QRes.exe /l
INFO:root: 2024-04-13 13:45:11.273176: Inicializacion de la Aplicacion
INFO:root: 2024-04-13 13:45:11.389774: Inicializacion del configurador de ajuste de resolucion
INFO:root: 2024-04-13 13:45:11.390777: assert\QRes.exe /l
INFO:root: 2024-04-13 13:45:11.410918: Inicializacion del configurador de ajuste de resolucion
INFO:root: 2024-04-13 13:45:11.411916: assert\QRes.exe /l
INFO:root: 2024-04-13 13:46:21.006845: Inicializacion de la Aplicacion
INFO:root: 2024-04-13 13:46:21.116020: Inicializacion del configurador de ajuste de resolucion
INFO:root: 2024-04-13 13:46:21.116020: assert\QRes.exe /l
INFO:root: 2024-04-13 13:46:21.135062: Inicializacion del configurador de ajuste de resolucion
INFO:root: 2024-04-13 13:46:21.135062: assert\QRes.exe /l
INFO:root: 2024-04-13 13:47:48.565724: Inicializacion de la Aplicacion
INFO:root: 2024-04-13 13:47:48.697832: Inicializacion del configurador de ajuste de resolucion
INFO:root: 2024-04-13 13:47:48.698831: assert\QRes.exe /l
INFO:root: 2024-04-13 13:47:48.722586: Inicializacion del configurador de ajuste de resolucion
INFO:root: 2024-04-13 13:47:48.723580: assert\QRes.exe /l
INFO:root: 2024-04-13 13:48:49.001938: Inicializacion de la Aplicacion
INFO:root: 2024-04-13 13:48:49.107041: Inicializacion del configurador de ajuste de resolucion
INFO:root: 2024-04-13 13:48:49.108049: assert\QRes.exe /l
INFO:root: 2024-04-13 13:48:49.127832: Inicializacion del configurador de ajuste de resolucion
INFO:root: 2024-04-13 13:48:49.127832: assert\QRes.exe /l
INFO:root: 2024-04-13 13:54:49.972857: Inicializacion de la Aplicacion
INFO:root: 2024-04-13 13:54:50.147187: Inicializacion del configurador de ajuste de resolucion
INFO:root: 2024-04-13 13:54:50.147695: assert\QRes.exe /l
INFO:root: 2024-04-13 13:54:50.168356: Inicializacion del configurador de ajuste de resolucion
INFO:root: 2024-04-13 13:54:50.168356: assert\QRes.exe /l
INFO:root: 2024-04-13 13:55:46.589686: Inicializacion de la Aplicacion
INFO:root: 2024-04-13 13:55:46.696280: Inicializacion del configurador de ajuste de resolucion
INFO:root: 2024-04-13 13:55:46.696280: assert\QRes.exe /l
INFO:root: 2024-04-13 13:55:46.715868: Inicializacion del configurador de ajuste de resolucion
INFO:root: 2024-04-13 13:55:46.715868: assert\QRes.exe /l
ERROR:root: 2024-04-13 13:55:50.312241: No se puede modificar MSMQ sin especificar el nombre del servidor
INFO:root: 2024-04-13 13:55:52.390310: Se comienza la ejecucion deL diagnostico de las colas de mensajerias
INFO:root: 2024-04-13 13:55:57.375805: Se comienza la ejecucion deL diagnostico de las colas de mensajerias
INFO:root: 2024-04-13 13:55:57.375805: Validando la cola de mensajerias
INFO:root: 2024-04-13 13:55:59.007261: Se comienza la ejecucion deL diagnostico de las colas de mensajerias
INFO:root: 2024-04-13 13:55:59.007817: Validando la cola de mensajerias
INFO:root: 2024-04-13 13:58:15.659387: Inicializacion de la Aplicacion
INFO:root: 2024-04-13 13:58:15.781378: Inicializacion del configurador de ajuste de resolucion
INFO:root: 2024-04-13 13:58:15.781378: assert\QRes.exe /l
INFO:root: 2024-04-13 13:58:15.801750: Inicializacion del configurador de ajuste de resolucion
INFO:root: 2024-04-13 13:58:15.801750: assert\QRes.exe /l
INFO:root: 2024-04-13 13:58:48.077815: Inicializacion de la Aplicacion
INFO:root: 2024-04-13 13:58:48.182514: Inicializacion del configurador de ajuste de resolucion
INFO:root: 2024-04-13 13:58:48.182514: assert\QRes.exe /l
INFO:root: 2024-04-13 13:58:48.202045: Inicializacion del configurador de ajuste de resolucion
INFO:root: 2024-04-13 13:58:48.202045: assert\QRes.exe /l
INFO:root: 2024-04-13 13:59:27.434507: Inicializacion de la Aplicacion
INFO:root: 2024-04-13 13:59:27.546700: Inicializacion del configurador de ajuste de resolucion
INFO:root: 2024-04-13 13:59:27.546700: assert\QRes.exe /l
INFO:root: 2024-04-13 13:59:27.565861: Inicializacion del configurador de ajuste de resolucion
INFO:root: 2024-04-13 13:59:27.566861: assert\QRes.exe /l
INFO:root: 2024-04-13 13:59:53.079583: Se comienza la ejecucion deL diagnostico de las colas de mensajerias
INFO:root: 2024-04-13 13:59:53.080135: Validando la cola de mensajerias
INFO:root: 2024-04-13 14:35:39.710354: Inicializacion de la Aplicacion
INFO:root: 2024-04-13 14:35:40.251101: Inicializacion del configurador de ajuste de resolucion
INFO:root: 2024-04-13 14:35:40.251101: assert\QRes.exe /l
INFO:root: 2024-04-13 14:35:40.271343: Inicializacion del configurador de ajuste de resolucion
INFO:root: 2024-04-13 14:35:40.271343: assert\QRes.exe /l
INFO:root: 2024-04-13 14:35:51.662255: Se comienza la ejecucion deL diagnostico de las colas de mensajerias
INFO:root: 2024-04-13 14:35:51.662312: Validando la cola de mensajerias
INFO:root: 2024-04-13 14:35:51.662312:Empezando el proceso de envio de mensajes
INFO:root: 2024-04-13 14:35:51.662312:empezando la consulta en poweshell
INFO:root: 2024-04-13 14:35:51.662312:Add-Type -AssemblyName System.Messaging

                          # Nombre de la cola MSMQ a la que deseas enviar el mensaje
                          $colaMSMQ = ".\colaEjemplo"

                          # Crea una instancia del objeto Message y establece el cuerpo del mensaje
                          $mensaje = New-Object System.Messaging.Message
                          $mensaje.Body = "Este es un mensaje de prueba."

                          # Abre la cola de MSMQ (creándola si no existe)
                          if (-not (Test-Path ".\colaEjemplo")) {
                             [System.Messaging.MessageQueue]::Create(".\colaEjemplo") > $null
                          }
                          $cola = New-Object System.Messaging.MessageQueue $colaMSMQ

                          # Envía el mensaje a la cola
                          $cola.Send($mensaje)
                          
                          Write-Host "Mensaje enviado correctamente a la cola MSMQ.
ERROR:root: 2024-04-13 14:35:53.068494:error al realizar la consulta en powershell Falta la cadena en el terminador: ".
    + CategoryInfo          : ParserError: (:) [], ParentContainsErrorRecordException
    + FullyQualifiedErrorId : TerminatorExpectedAtEndOfString
 

INFO:root: 2024-04-13 14:35:53.068494: 
INFO:root: 2024-04-13 14:37:04.088943: Inicializacion de la Aplicacion
INFO:root: 2024-04-13 14:37:04.208329: Inicializacion del configurador de ajuste de resolucion
INFO:root: 2024-04-13 14:37:04.208329: assert\QRes.exe /l
INFO:root: 2024-04-13 14:37:04.230868: Inicializacion del configurador de ajuste de resolucion
INFO:root: 2024-04-13 14:37:04.230868: assert\QRes.exe /l
INFO:root: 2024-04-13 14:37:10.341223: Se comienza la ejecucion deL diagnostico de las colas de mensajerias
INFO:root: 2024-04-13 14:37:10.341223: Validando la cola de mensajerias
INFO:root: 2024-04-13 14:37:10.341223:Empezando el proceso de envio de mensajes
INFO:root: 2024-04-13 14:37:10.341223:empezando la consulta en poweshell
INFO:root: 2024-04-13 14:37:10.341757:Add-Type -AssemblyName System.Messaging

                          # Nombre de la cola MSMQ a la que deseas enviar el mensaje
                          $colaMSMQ = ".\colaEjemplo"

                          # Crea una instancia del objeto Message y establece el cuerpo del mensaje
                          $mensaje = New-Object System.Messaging.Message
                          $mensaje.Body = "Este es un mensaje de prueba."

                          # Abre la cola de MSMQ (creándola si no existe)
                          if (-not (Test-Path ".\colaEjemplo")) {
                             [System.Messaging.MessageQueue]::Create(".\colaEjemplo") > $null
                          }
                          $cola = New-Object System.Messaging.MessageQueue $colaMSMQ

                          # Envía el mensaje a la cola
                          $cola.Send($mensaje)
                          
                          Write-Host "Mensaje enviado correctamente a la cola MSMQ.
ERROR:root: 2024-04-13 14:37:11.409947:error al realizar la consulta en powershell Falta la cadena en el terminador: ".
    + CategoryInfo          : ParserError: (:) [], ParentContainsErrorRecordException
    + FullyQualifiedErrorId : TerminatorExpectedAtEndOfString
 

INFO:root: 2024-04-13 14:37:11.409947: 
INFO:root: 2024-04-13 14:40:03.806442: Inicializacion de la Aplicacion
INFO:root: 2024-04-13 14:40:03.943255: Inicializacion del configurador de ajuste de resolucion
INFO:root: 2024-04-13 14:40:03.943255: assert\QRes.exe /l
INFO:root: 2024-04-13 14:40:03.976230: Inicializacion del configurador de ajuste de resolucion
INFO:root: 2024-04-13 14:40:03.976230: assert\QRes.exe /l
INFO:root: 2024-04-13 14:40:34.503217: Se comienza la ejecucion deL diagnostico de las colas de mensajerias
INFO:root: 2024-04-13 14:40:34.503217: Validando la cola de mensajerias
INFO:root: 2024-04-13 14:40:34.504229:Empezando el proceso de envio de mensajes
INFO:root: 2024-04-13 14:40:34.504229:empezando la consulta en poweshell
INFO:root: 2024-04-13 14:40:34.504229:Add-Type -AssemblyName System.Messaging

                          # Nombre de la cola MSMQ a la que deseas enviar el mensaje
                          $colaMSMQ = ".\colaEjemplo"

                          # Crea una instancia del objeto Message y establece el cuerpo del mensaje
                          $mensaje = New-Object System.Messaging.Message
                          $mensaje.Body = "Este es un mensaje de prueba."

                          # Abre la cola de MSMQ (creándola si no existe)
                          if (-not (Test-Path ".\colaEjemplo")) {
                             [System.Messaging.MessageQueue]::Create(".\colaEjemplo") > $null
                          }
                          $cola = New-Object System.Messaging.MessageQueue $colaMSMQ

                          # Envía el mensaje a la cola
                          $cola.Send($mensaje)
                          
                          Write-Host "Mensaje enviado correctamente a la cola MSMQ.
ERROR:root: 2024-04-13 14:40:35.645467:error al realizar la consulta en powershell Falta la cadena en el terminador: ".
    + CategoryInfo          : ParserError: (:) [], ParentContainsErrorRecordException
    + FullyQualifiedErrorId : TerminatorExpectedAtEndOfString
 

INFO:root: 2024-04-13 14:40:35.645467: Falta la cadena en el terminador: ".
    + CategoryInfo          : ParserError: (:) [], ParentContainsErrorRecordException
    + FullyQualifiedErrorId : TerminatorExpectedAtEndOfString
 

INFO:root: 2024-04-13 14:41:13.417250: Inicializacion de la Aplicacion
INFO:root: 2024-04-13 14:41:13.552995: Inicializacion del configurador de ajuste de resolucion
INFO:root: 2024-04-13 14:41:13.553046: assert\QRes.exe /l
INFO:root: 2024-04-13 14:41:13.571289: Inicializacion del configurador de ajuste de resolucion
INFO:root: 2024-04-13 14:41:13.571289: assert\QRes.exe /l
INFO:root: 2024-04-13 14:44:55.499212: Inicializacion de la Aplicacion
INFO:root: 2024-04-13 14:44:55.617762: Inicializacion del configurador de ajuste de resolucion
INFO:root: 2024-04-13 14:44:55.617762: assert\QRes.exe /l
INFO:root: 2024-04-13 14:44:55.636774: Inicializacion del configurador de ajuste de resolucion
INFO:root: 2024-04-13 14:44:55.636774: assert\QRes.exe /l
INFO:root: 2024-04-13 14:45:01.775165: Se comienza la ejecucion deL diagnostico de las colas de mensajerias
INFO:root: 2024-04-13 14:45:01.775165: Validando la cola de mensajerias
INFO:root: 2024-04-13 14:45:01.775715:Empezando el proceso de envio de mensajes
INFO:root: 2024-04-13 14:45:01.775715:empezando la consulta en poweshell
INFO:root: 2024-04-13 14:45:01.775715:Add-Type -AssemblyName System.Messaging

                          # Nombre de la cola MSMQ a la que deseas enviar el mensaje
                          $colaMSMQ = ".\colaEjemplo"

                          # Crea una instancia del objeto Message y establece el cuerpo del mensaje
                          $mensaje = New-Object System.Messaging.Message
                          $mensaje.Body = "Este es un mensaje de prueba."

                          # Abre la cola de MSMQ (creándola si no existe)
                          if (-not (Test-Path ".\colaEjemplo")) {
                             [System.Messaging.MessageQueue]::Create(".\colaEjemplo") > $null
                          }
                          $cola = New-Object System.Messaging.MessageQueue $colaMSMQ

                          # Envía el mensaje a la cola
                          $cola.Send($mensaje)
                          
                          Write-Host "Mensaje enviado correctamente a la cola MSMQ.
ERROR:root: 2024-04-13 14:45:02.880915:error al realizar la consulta en powershell Falta la cadena en el terminador: ".
    + CategoryInfo          : ParserError: (:) [], ParentContainsErrorRecordException
    + FullyQualifiedErrorId : TerminatorExpectedAtEndOfString
 

INFO:root: 2024-04-13 14:45:02.880915: Falta la cadena en el terminador: ".
    + CategoryInfo          : ParserError: (:) [], ParentContainsErrorRecordException
    + FullyQualifiedErrorId : TerminatorExpectedAtEndOfString
 

INFO:root: 2024-04-13 14:45:14.878414: Inicializacion de la Aplicacion
INFO:root: 2024-04-13 14:45:15.002945: Inicializacion del configurador de ajuste de resolucion
INFO:root: 2024-04-13 14:45:15.002945: assert\QRes.exe /l
INFO:root: 2024-04-13 14:45:15.020630: Inicializacion del configurador de ajuste de resolucion
INFO:root: 2024-04-13 14:45:15.020630: assert\QRes.exe /l
INFO:root: 2024-04-13 14:46:25.833889: Inicializacion de la Aplicacion
INFO:root: 2024-04-13 14:46:25.962233: Inicializacion del configurador de ajuste de resolucion
INFO:root: 2024-04-13 14:46:25.962233: assert\QRes.exe /l
INFO:root: 2024-04-13 14:46:25.981759: Inicializacion del configurador de ajuste de resolucion
INFO:root: 2024-04-13 14:46:25.981759: assert\QRes.exe /l
ERROR:root: 2024-04-13 14:46:29.294928: No se puede modificar MSMQ sin especificar el nombre del servidor
INFO:root: 2024-04-13 14:46:31.067663: Se comienza la ejecucion deL diagnostico de las colas de mensajerias
INFO:root: 2024-04-13 14:46:35.349854: Se comienza la ejecucion deL diagnostico de las colas de mensajerias
INFO:root: 2024-04-13 14:46:35.349854: Validando la cola de mensajerias
INFO:root: 2024-04-13 14:46:35.350362:Empezando el proceso de envio de mensajes
INFO:root: 2024-04-13 14:46:35.350362:empezando la consulta en poweshell
INFO:root: 2024-04-13 14:46:35.350362:Add-Type -AssemblyName System.Messaging

                          # Nombre de la cola MSMQ a la que deseas enviar el mensaje
                          $colaMSMQ = ".\colaEjemplo"

                          # Crea una instancia del objeto Message y establece el cuerpo del mensaje
                          $mensaje = New-Object System.Messaging.Message
                          $mensaje.Body = "Este es un mensaje de prueba."

                          # Abre la cola de MSMQ (creándola si no existe)
                          if (-not (Test-Path ".\colaEjemplo")) {
                             [System.Messaging.MessageQueue]::Create(".\colaEjemplo") > $null
                          }
                          $cola = New-Object System.Messaging.MessageQueue $colaMSMQ

                          # Envía el mensaje a la cola
                          $cola.Send($mensaje)
                          
                          Write-Host "Mensaje enviado correctamente a la cola MSMQ.
ERROR:root: 2024-04-13 14:46:36.423199:error al realizar la consulta en powershell Falta la cadena en el terminador: ".
    + CategoryInfo          : ParserError: (:) [], ParentContainsErrorRecordException
    + FullyQualifiedErrorId : TerminatorExpectedAtEndOfString
 

INFO:root: 2024-04-13 14:46:36.428471: Falta la cadena en el terminador: ".
    + CategoryInfo          : ParserError: (:) [], ParentContainsErrorRecordException
    + FullyQualifiedErrorId : TerminatorExpectedAtEndOfString
 

INFO:root: 2024-04-13 14:47:14.946510: Se comienza la ejecucion deL diagnostico de las colas de mensajerias
INFO:root: 2024-04-13 14:47:14.946510: Validando la cola de mensajerias
INFO:root: 2024-04-13 14:47:14.947520:Empezando el proceso de envio de mensajes
INFO:root: 2024-04-13 14:47:14.947520:empezando la consulta en poweshell
INFO:root: 2024-04-13 14:47:14.947520:Add-Type -AssemblyName System.Messaging

                          # Nombre de la cola MSMQ a la que deseas enviar el mensaje
                          $colaMSMQ = ".\colaEjemplo"

                          # Crea una instancia del objeto Message y establece el cuerpo del mensaje
                          $mensaje = New-Object System.Messaging.Message
                          $mensaje.Body = "Este es un mensaje de prueba."

                          # Abre la cola de MSMQ (creándola si no existe)
                          if (-not (Test-Path ".\colaEjemplo")) {
                             [System.Messaging.MessageQueue]::Create(".\colaEjemplo") > $null
                          }
                          $cola = New-Object System.Messaging.MessageQueue $colaMSMQ

                          # Envía el mensaje a la cola
                          $cola.Send($mensaje)
                          
                          Write-Host "Mensaje enviado correctamente a la cola MSMQ.
ERROR:root: 2024-04-13 14:47:16.082253:error al realizar la consulta en powershell Falta la cadena en el terminador: ".
    + CategoryInfo          : ParserError: (:) [], ParentContainsErrorRecordException
    + FullyQualifiedErrorId : TerminatorExpectedAtEndOfString
 

INFO:root: 2024-04-13 14:47:16.082253: Falta la cadena en el terminador: ".
    + CategoryInfo          : ParserError: (:) [], ParentContainsErrorRecordException
    + FullyQualifiedErrorId : TerminatorExpectedAtEndOfString
 

INFO:root: 2024-04-13 14:48:04.048967: Inicializacion de la Aplicacion
INFO:root: 2024-04-13 14:48:04.169390: Inicializacion del configurador de ajuste de resolucion
INFO:root: 2024-04-13 14:48:04.169390: assert\QRes.exe /l
INFO:root: 2024-04-13 14:48:04.190386: Inicializacion del configurador de ajuste de resolucion
INFO:root: 2024-04-13 14:48:04.190386: assert\QRes.exe /l
INFO:root: 2024-04-13 14:48:18.644151: Se comienza la ejecucion deL diagnostico de las colas de mensajerias
INFO:root: 2024-04-13 14:48:18.644749: Validando la cola de mensajerias
INFO:root: 2024-04-13 14:48:18.644749:Empezando el proceso de envio de mensajes
INFO:root: 2024-04-13 14:48:18.644749:empezando la consulta en poweshell
INFO:root: 2024-04-13 14:48:18.644749:Add-Type -AssemblyName System.Messaging

                          # Nombre de la cola MSMQ a la que deseas enviar el mensaje
                          $colaMSMQ = ".\colaEjemplo"

                          # Crea una instancia del objeto Message y establece el cuerpo del mensaje
                          $mensaje = New-Object System.Messaging.Message
                          $mensaje.Body = "Este es un mensaje de prueba."

                          # Abre la cola de MSMQ (creándola si no existe)
                          if (-not (Test-Path ".\colaEjemplo")) {
                             [System.Messaging.MessageQueue]::Create(".\colaEjemplo") > $null
                          }
                          $cola = New-Object System.Messaging.MessageQueue $colaMSMQ

                          # Envía el mensaje a la cola
                          $cola.Send($mensaje)
                          
                          Write-Host "Mensaje enviado correctamente a la cola MSMQ."
                          
ERROR:root: 2024-04-13 14:48:20.380753:error al realizar la consulta en powershell Excepci¢n al llamar a "Create" con los argumentos "1": "El Servicio Message Queue Server no est  disponible."
En l¡nea: 13 Car cter: 30
+ ...             [System.Messaging.MessageQueue]::Create(".\colaEjemplo")  ...
+                 ~~~~~~~~~~~~~~~~~~~~~~~~~~~~~~~~~~~~~~~~~~~~~~~~~~~~~~~~~
    + CategoryInfo          : NotSpecified: (:) [], MethodInvocationException
    + FullyQualifiedErrorId : MessageQueueException
 
Excepci¢n al llamar a "Send" con los argumentos "1": "El Servicio Message Queue Server no est  disponible."
En l¡nea: 18 Car cter: 27
+                           $cola.Send($mensaje)
+                           ~~~~~~~~~~~~~~~~~~~~
    + CategoryInfo          : NotSpecified: (:) [], MethodInvocationException
    + FullyQualifiedErrorId : MessageQueueException
 

INFO:root: 2024-04-13 14:48:20.380753: Excepci¢n al llamar a "Create" con los argumentos "1": "El Servicio Message Queue Server no est  disponible."
En l¡nea: 13 Car cter: 30
+ ...             [System.Messaging.MessageQueue]::Create(".\colaEjemplo")  ...
+                 ~~~~~~~~~~~~~~~~~~~~~~~~~~~~~~~~~~~~~~~~~~~~~~~~~~~~~~~~~
    + CategoryInfo          : NotSpecified: (:) [], MethodInvocationException
    + FullyQualifiedErrorId : MessageQueueException
 
Excepci¢n al llamar a "Send" con los argumentos "1": "El Servicio Message Queue Server no est  disponible."
En l¡nea: 18 Car cter: 27
+                           $cola.Send($mensaje)
+                           ~~~~~~~~~~~~~~~~~~~~
    + CategoryInfo          : NotSpecified: (:) [], MethodInvocationException
    + FullyQualifiedErrorId : MessageQueueException
 

INFO:root: 2024-04-13 14:49:20.744120: Se comienza la ejecucion deL diagnostico de las colas de mensajerias
INFO:root: 2024-04-13 14:49:20.744178: Validando la cola de mensajerias
INFO:root: 2024-04-13 14:49:20.744178:Empezando el proceso de envio de mensajes
INFO:root: 2024-04-13 14:49:20.744178:empezando la consulta en poweshell
INFO:root: 2024-04-13 14:49:20.744178:Add-Type -AssemblyName System.Messaging

                          # Nombre de la cola MSMQ a la que deseas enviar el mensaje
                          $colaMSMQ = ".\colaEjemplo"

                          # Crea una instancia del objeto Message y establece el cuerpo del mensaje
                          $mensaje = New-Object System.Messaging.Message
                          $mensaje.Body = "Este es un mensaje de prueba."

                          # Abre la cola de MSMQ (creándola si no existe)
                          if (-not (Test-Path ".\colaEjemplo")) {
                             [System.Messaging.MessageQueue]::Create(".\colaEjemplo") > $null
                          }
                          $cola = New-Object System.Messaging.MessageQueue $colaMSMQ

                          # Envía el mensaje a la cola
                          $cola.Send($mensaje)
                          
                          Write-Host "Mensaje enviado correctamente a la cola MSMQ."
                          
ERROR:root: 2024-04-13 14:49:22.281933:error al realizar la consulta en powershell Excepci¢n al llamar a "Create" con los argumentos "1": "El Servicio Message Queue Server no est  disponible."
En l¡nea: 13 Car cter: 30
+ ...             [System.Messaging.MessageQueue]::Create(".\colaEjemplo")  ...
+                 ~~~~~~~~~~~~~~~~~~~~~~~~~~~~~~~~~~~~~~~~~~~~~~~~~~~~~~~~~
    + CategoryInfo          : NotSpecified: (:) [], MethodInvocationException
    + FullyQualifiedErrorId : MessageQueueException
 
Excepci¢n al llamar a "Send" con los argumentos "1": "El Servicio Message Queue Server no est  disponible."
En l¡nea: 18 Car cter: 27
+                           $cola.Send($mensaje)
+                           ~~~~~~~~~~~~~~~~~~~~
    + CategoryInfo          : NotSpecified: (:) [], MethodInvocationException
    + FullyQualifiedErrorId : MessageQueueException
 

INFO:root: 2024-04-13 14:49:22.281933: Excepci¢n al llamar a "Create" con los argumentos "1": "El Servicio Message Queue Server no est  disponible."
En l¡nea: 13 Car cter: 30
+ ...             [System.Messaging.MessageQueue]::Create(".\colaEjemplo")  ...
+                 ~~~~~~~~~~~~~~~~~~~~~~~~~~~~~~~~~~~~~~~~~~~~~~~~~~~~~~~~~
    + CategoryInfo          : NotSpecified: (:) [], MethodInvocationException
    + FullyQualifiedErrorId : MessageQueueException
 
Excepci¢n al llamar a "Send" con los argumentos "1": "El Servicio Message Queue Server no est  disponible."
En l¡nea: 18 Car cter: 27
+                           $cola.Send($mensaje)
+                           ~~~~~~~~~~~~~~~~~~~~
    + CategoryInfo          : NotSpecified: (:) [], MethodInvocationException
    + FullyQualifiedErrorId : MessageQueueException
 

INFO:root: 2024-04-13 14:49:54.694277: Inicializacion de la Aplicacion
INFO:root: 2024-04-13 14:49:54.810750: Inicializacion del configurador de ajuste de resolucion
INFO:root: 2024-04-13 14:49:54.815752: assert\QRes.exe /l
INFO:root: 2024-04-13 14:49:54.836600: Inicializacion del configurador de ajuste de resolucion
INFO:root: 2024-04-13 14:49:54.836600: assert\QRes.exe /l
