INFO:root: 2025-02-21 11:16:32.000096: Inicializacion de la Aplicacion
INFO:root: 2025-02-21 11:16:32.251105: Inicializacion del configurador de ajuste de resolucion
INFO:root: 2025-02-21 11:16:32.251105: assert\QRes.exe /l
INFO:root: 2025-02-21 11:16:32.289415: Inicializacion del configurador de ajuste de resolucion
INFO:root: 2025-02-21 11:16:32.289415: assert\QRes.exe /l
INFO:root: 2025-02-21 11:16:42.901199: Se comienza a realizar la request a Virtual Queue
INFO:root: 2025-02-21 11:16:42.901199: Se comienza a realizar el request
INFO:root: 2025-02-21 11:16:42.901199: Data> {'username': '1', 'password': '1', 'docType': 'Pasaporte', 'docNumber': '1', 'client_Id': 'mobileclient.virtualqueue', 'client_Secret': '1a4805ac784c56662cd4aad56f0b21024215de18f2da5c01918dead7ce4f1115', 'callbackToken': '123456789qwerty'}
INFO:root: 2025-02-21 11:16:45.572233: Se comienza a realizar el request
INFO:root: 2025-02-21 11:22:27.732388: Inicializacion de la Aplicacion
INFO:root: 2025-02-21 11:22:27.983414: Inicializacion del configurador de ajuste de resolucion
INFO:root: 2025-02-21 11:22:27.983414: assert\QRes.exe /l
INFO:root: 2025-02-21 11:22:28.013518: Inicializacion del configurador de ajuste de resolucion
INFO:root: 2025-02-21 11:22:28.013518: assert\QRes.exe /l
INFO:root: 2025-02-21 11:22:35.373866: Se comienza a realizar la request a Virtual Queue
ERROR:root: 2025-02-21 11:22:35.373866: No se puede modificar Virtual Queue sin especificar el nombre de la url
ERROR:root: 2025-02-21 11:22:37.270659: No se puede modificar Virtual Queue sin especificar el nombre del usuario
ERROR:root: 2025-02-21 11:22:38.225526: No se puede modificar Virtual Queue sin especificar el nombre de la contraseña
ERROR:root: 2025-02-21 11:22:38.627877: No se puede modificar Virtual Queue sin especificar el nombre del tipo de documento
ERROR:root: 2025-02-21 11:22:38.835789: No se puede modificar Virtual Queue sin especificar el nombre del numero de documento
INFO:root: 2025-02-21 11:22:49.099511: Se comienza a realizar la request a Virtual Queue
INFO:root: 2025-02-21 11:22:49.099511: Se comienza a realizar el request
INFO:root: 2025-02-21 11:22:49.099511: Data> {'username': '1', 'password': '1', 'docType': 'Pasaporte', 'docNumber': '1', 'client_Id': 'mobileclient.virtualqueue', 'client_Secret': '1a4805ac784c56662cd4aad56f0b21024215de18f2da5c01918dead7ce4f1115', 'callbackToken': '123456789qwerty'}
INFO:root: 2025-02-21 11:22:50.763520: Se comienza a realizar el request
INFO:root: 2025-02-21 11:24:27.773599: Inicializacion de la Aplicacion
INFO:root: 2025-02-21 11:24:27.980357: Inicializacion del configurador de ajuste de resolucion
INFO:root: 2025-02-21 11:24:27.980357: assert\QRes.exe /l
INFO:root: 2025-02-21 11:24:28.005520: Inicializacion del configurador de ajuste de resolucion
INFO:root: 2025-02-21 11:24:28.005520: assert\QRes.exe /l
INFO:root: 2025-02-21 11:24:37.738156: Se comienza a realizar la request a Virtual Queue
INFO:root: 2025-02-21 11:24:37.739170: Se comienza a realizar el request
INFO:root: 2025-02-21 11:24:37.739170: Data> {'username': '1', 'password': '1', 'docType': 'Pasaporte', 'docNumber': '1', 'client_Id': 'mobileclient.virtualqueue', 'client_Secret': '1a4805ac784c56662cd4aad56f0b21024215de18f2da5c01918dead7ce4f1115', 'callbackToken': '123456789qwerty'}
INFO:root: 2025-02-21 11:24:39.826514: Se comienza a realizar el request
