INFO:root: 2024-10-29 08:43:53.055060: Inicializacion de la Aplicacion
INFO:root: 2024-10-29 08:43:53.763392: Inicializacion del configurador de ajuste de resolucion
INFO:root: 2024-10-29 08:43:53.763392: assert\QRes.exe /l
INFO:root: 2024-10-29 08:43:53.783470: Inicializacion del configurador de ajuste de resolucion
INFO:root: 2024-10-29 08:43:53.783470: assert\QRes.exe /l
INFO:root: 2024-10-29 08:47:09.780989: Inicializacion de la Aplicacion
INFO:root: 2024-10-29 08:47:09.940947: Inicializacion del configurador de ajuste de resolucion
INFO:root: 2024-10-29 08:47:09.940947: assert\QRes.exe /l
INFO:root: 2024-10-29 08:47:09.964343: Inicializacion del configurador de ajuste de resolucion
INFO:root: 2024-10-29 08:47:09.964343: assert\QRes.exe /l
INFO:root: 2024-10-29 08:49:17.919990: Inicializacion de la Aplicacion
INFO:root: 2024-10-29 08:49:18.117512: Inicializacion del configurador de ajuste de resolucion
INFO:root: 2024-10-29 08:49:18.117512: assert\QRes.exe /l
INFO:root: 2024-10-29 08:49:18.151854: Inicializacion del configurador de ajuste de resolucion
INFO:root: 2024-10-29 08:49:18.151854: assert\QRes.exe /l
INFO:root: 2024-10-29 08:49:29.501646: Se esta seleccionando el directorio para la creacion de la aplicacion
INFO:root: 2024-10-29 08:49:31.962963: Se selecciono el directorio C:/APPS/006- Proyecto Instalador de servicio/Instalador Servicio Unicos V0.300/Codigo Fuente/Middleware
INFO:root: 2024-10-29 09:08:12.269666: Inicializacion de la Aplicacion
INFO:root: 2024-10-29 09:08:12.471433: Inicializacion del configurador de ajuste de resolucion
INFO:root: 2024-10-29 09:08:12.471433: assert\QRes.exe /l
INFO:root: 2024-10-29 09:08:12.499912: Inicializacion del configurador de ajuste de resolucion
INFO:root: 2024-10-29 09:08:12.500995: assert\QRes.exe /l
INFO:root: 2024-10-29 09:11:01.084755: Inicializacion de la Aplicacion
INFO:root: 2024-10-29 09:11:01.247881: Inicializacion del configurador de ajuste de resolucion
INFO:root: 2024-10-29 09:11:01.247881: assert\QRes.exe /l
INFO:root: 2024-10-29 09:11:01.274947: Inicializacion del configurador de ajuste de resolucion
INFO:root: 2024-10-29 09:11:01.275318: assert\QRes.exe /l
INFO:root: 2024-10-29 09:14:56.289992: Inicializacion de la Aplicacion
INFO:root: 2024-10-29 09:14:56.459709: Inicializacion del configurador de ajuste de resolucion
INFO:root: 2024-10-29 09:14:56.459709: assert\QRes.exe /l
INFO:root: 2024-10-29 09:14:56.479461: Inicializacion del configurador de ajuste de resolucion
INFO:root: 2024-10-29 09:14:56.479461: assert\QRes.exe /l
INFO:root: 2024-10-29 09:17:45.903608: Inicializacion de la Aplicacion
INFO:root: 2024-10-29 09:17:46.088529: Inicializacion del configurador de ajuste de resolucion
INFO:root: 2024-10-29 09:17:46.088529: assert\QRes.exe /l
INFO:root: 2024-10-29 09:17:46.122929: Inicializacion del configurador de ajuste de resolucion
INFO:root: 2024-10-29 09:17:46.122929: assert\QRes.exe /l
INFO:root: 2024-10-29 09:18:31.877006: Inicializacion de la Aplicacion
INFO:root: 2024-10-29 09:18:32.041903: Inicializacion del configurador de ajuste de resolucion
INFO:root: 2024-10-29 09:18:32.041903: assert\QRes.exe /l
INFO:root: 2024-10-29 09:18:32.057967: Inicializacion del configurador de ajuste de resolucion
INFO:root: 2024-10-29 09:18:32.057967: assert\QRes.exe /l
INFO:root: 2024-10-29 09:19:27.945766: Inicializacion de la Aplicacion
INFO:root: 2024-10-29 09:19:28.125540: Inicializacion del configurador de ajuste de resolucion
INFO:root: 2024-10-29 09:19:28.125540: assert\QRes.exe /l
INFO:root: 2024-10-29 09:19:28.151018: Inicializacion del configurador de ajuste de resolucion
INFO:root: 2024-10-29 09:19:28.151018: assert\QRes.exe /l
INFO:root: 2024-10-29 09:20:04.252811: Inicializacion de la Aplicacion
INFO:root: 2024-10-29 09:20:04.428734: Inicializacion del configurador de ajuste de resolucion
INFO:root: 2024-10-29 09:20:04.428734: assert\QRes.exe /l
INFO:root: 2024-10-29 09:20:04.454354: Inicializacion del configurador de ajuste de resolucion
INFO:root: 2024-10-29 09:20:04.454354: assert\QRes.exe /l
INFO:root: 2024-10-29 09:22:04.604766: Inicializacion de la Aplicacion
INFO:root: 2024-10-29 09:22:04.817841: Inicializacion del configurador de ajuste de resolucion
INFO:root: 2024-10-29 09:22:04.817841: assert\QRes.exe /l
INFO:root: 2024-10-29 09:22:04.850702: Inicializacion del configurador de ajuste de resolucion
INFO:root: 2024-10-29 09:22:04.851699: assert\QRes.exe /l
INFO:root: 2024-10-29 09:23:48.173056: Inicializacion de la Aplicacion
INFO:root: 2024-10-29 09:23:48.351515: Inicializacion del configurador de ajuste de resolucion
INFO:root: 2024-10-29 09:23:48.352515: assert\QRes.exe /l
INFO:root: 2024-10-29 09:23:48.376798: Inicializacion del configurador de ajuste de resolucion
INFO:root: 2024-10-29 09:23:48.376798: assert\QRes.exe /l
INFO:root: 2024-10-29 09:56:47.321549: Inicializacion de la Aplicacion
INFO:root: 2024-10-29 09:56:47.851605: Inicializacion del configurador de ajuste de resolucion
INFO:root: 2024-10-29 09:56:47.851605: assert\QRes.exe /l
INFO:root: 2024-10-29 09:56:47.880568: Inicializacion del configurador de ajuste de resolucion
INFO:root: 2024-10-29 09:56:47.880568: assert\QRes.exe /l
INFO:root: 2024-10-29 10:06:12.437338: Inicializacion de la Aplicacion
INFO:root: 2024-10-29 10:06:12.648913: Inicializacion del configurador de ajuste de resolucion
INFO:root: 2024-10-29 10:06:12.648913: assert\QRes.exe /l
INFO:root: 2024-10-29 10:06:12.685545: Inicializacion del configurador de ajuste de resolucion
INFO:root: 2024-10-29 10:06:12.685545: assert\QRes.exe /l
INFO:root: 2024-10-29 10:07:30.142917: Inicializacion de la Aplicacion
INFO:root: 2024-10-29 10:07:30.335739: Inicializacion del configurador de ajuste de resolucion
INFO:root: 2024-10-29 10:07:30.335739: assert\QRes.exe /l
INFO:root: 2024-10-29 10:07:30.378057: Inicializacion del configurador de ajuste de resolucion
INFO:root: 2024-10-29 10:07:30.379761: assert\QRes.exe /l
INFO:root: 2024-10-29 10:09:59.174719: Inicializacion de la Aplicacion
INFO:root: 2024-10-29 10:09:59.355919: Inicializacion del configurador de ajuste de resolucion
INFO:root: 2024-10-29 10:09:59.355919: assert\QRes.exe /l
INFO:root: 2024-10-29 10:09:59.391594: Inicializacion del configurador de ajuste de resolucion
INFO:root: 2024-10-29 10:09:59.391594: assert\QRes.exe /l
INFO:root: 2024-10-29 10:14:46.471664: Inicializacion de la Aplicacion
INFO:root: 2024-10-29 10:14:46.714100: Inicializacion del configurador de ajuste de resolucion
INFO:root: 2024-10-29 10:14:46.714100: assert\QRes.exe /l
INFO:root: 2024-10-29 10:14:46.756748: Inicializacion del configurador de ajuste de resolucion
INFO:root: 2024-10-29 10:14:46.756748: assert\QRes.exe /l
INFO:root: 2024-10-29 10:49:20.850420: Inicializacion de la Aplicacion
INFO:root: 2024-10-29 10:49:21.057657: Inicializacion del configurador de ajuste de resolucion
INFO:root: 2024-10-29 10:49:21.057657: assert\QRes.exe /l
INFO:root: 2024-10-29 10:49:21.100390: Inicializacion del configurador de ajuste de resolucion
INFO:root: 2024-10-29 10:49:21.100390: assert\QRes.exe /l
INFO:root: 2024-10-29 10:50:02.034640: Inicializacion de la Aplicacion
INFO:root: 2024-10-29 10:50:02.248454: Inicializacion del configurador de ajuste de resolucion
INFO:root: 2024-10-29 10:50:02.248454: assert\QRes.exe /l
INFO:root: 2024-10-29 10:50:02.282935: Inicializacion del configurador de ajuste de resolucion
INFO:root: 2024-10-29 10:50:02.282935: assert\QRes.exe /l
INFO:root: 2024-10-29 10:52:29.417236: Inicializacion de la Aplicacion
INFO:root: 2024-10-29 10:52:29.617832: Inicializacion del configurador de ajuste de resolucion
INFO:root: 2024-10-29 10:52:29.617832: assert\QRes.exe /l
INFO:root: 2024-10-29 10:52:29.659188: Inicializacion del configurador de ajuste de resolucion
INFO:root: 2024-10-29 10:52:29.659188: assert\QRes.exe /l
INFO:root: 2024-10-29 10:54:57.510124: Inicializacion de la Aplicacion
INFO:root: 2024-10-29 10:54:57.697456: Inicializacion del configurador de ajuste de resolucion
INFO:root: 2024-10-29 10:54:57.697456: assert\QRes.exe /l
INFO:root: 2024-10-29 10:54:57.741775: Inicializacion del configurador de ajuste de resolucion
INFO:root: 2024-10-29 10:54:57.741775: assert\QRes.exe /l
INFO:root: 2024-10-29 10:55:41.749371: Inicializacion de la Aplicacion
INFO:root: 2024-10-29 10:55:41.949378: Inicializacion del configurador de ajuste de resolucion
INFO:root: 2024-10-29 10:55:41.949378: assert\QRes.exe /l
INFO:root: 2024-10-29 10:55:41.985718: Inicializacion del configurador de ajuste de resolucion
INFO:root: 2024-10-29 10:55:41.985718: assert\QRes.exe /l
INFO:root: 2024-10-29 10:56:14.769511: Inicializacion de la Aplicacion
INFO:root: 2024-10-29 10:56:14.993108: Inicializacion del configurador de ajuste de resolucion
INFO:root: 2024-10-29 10:56:14.993108: assert\QRes.exe /l
INFO:root: 2024-10-29 10:56:15.023239: Inicializacion del configurador de ajuste de resolucion
INFO:root: 2024-10-29 10:56:15.023239: assert\QRes.exe /l
INFO:root: 2024-10-29 10:57:38.845552: Inicializacion de la Aplicacion
INFO:root: 2024-10-29 10:57:39.042850: Inicializacion del configurador de ajuste de resolucion
INFO:root: 2024-10-29 10:57:39.042850: assert\QRes.exe /l
INFO:root: 2024-10-29 10:57:39.074590: Inicializacion del configurador de ajuste de resolucion
INFO:root: 2024-10-29 10:57:39.075400: assert\QRes.exe /l
INFO:root: 2024-10-29 10:58:21.360100: Inicializacion de la Aplicacion
INFO:root: 2024-10-29 10:58:21.593283: Inicializacion del configurador de ajuste de resolucion
INFO:root: 2024-10-29 10:58:21.593283: assert\QRes.exe /l
INFO:root: 2024-10-29 10:58:21.619401: Inicializacion del configurador de ajuste de resolucion
INFO:root: 2024-10-29 10:58:21.619401: assert\QRes.exe /l
INFO:root: 2024-10-29 10:58:56.584460: Inicializacion de la Aplicacion
INFO:root: 2024-10-29 10:58:56.769229: Inicializacion del configurador de ajuste de resolucion
INFO:root: 2024-10-29 10:58:56.770229: assert\QRes.exe /l
INFO:root: 2024-10-29 10:58:56.799521: Inicializacion del configurador de ajuste de resolucion
INFO:root: 2024-10-29 10:58:56.799521: assert\QRes.exe /l
INFO:root: 2024-10-29 10:59:20.889075: Inicializacion de la Aplicacion
INFO:root: 2024-10-29 10:59:21.088526: Inicializacion del configurador de ajuste de resolucion
INFO:root: 2024-10-29 10:59:21.088526: assert\QRes.exe /l
INFO:root: 2024-10-29 10:59:21.112545: Inicializacion del configurador de ajuste de resolucion
INFO:root: 2024-10-29 10:59:21.112545: assert\QRes.exe /l
INFO:root: 2024-10-29 10:59:42.669267: Inicializacion de la Aplicacion
INFO:root: 2024-10-29 10:59:42.861796: Inicializacion del configurador de ajuste de resolucion
INFO:root: 2024-10-29 10:59:42.861796: assert\QRes.exe /l
INFO:root: 2024-10-29 10:59:42.896780: Inicializacion del configurador de ajuste de resolucion
INFO:root: 2024-10-29 10:59:42.897799: assert\QRes.exe /l
INFO:root: 2024-10-29 11:00:03.926173: Inicializacion de la Aplicacion
INFO:root: 2024-10-29 11:00:04.119179: Inicializacion del configurador de ajuste de resolucion
INFO:root: 2024-10-29 11:00:04.119179: assert\QRes.exe /l
INFO:root: 2024-10-29 11:00:04.149991: Inicializacion del configurador de ajuste de resolucion
INFO:root: 2024-10-29 11:00:04.150990: assert\QRes.exe /l
INFO:root: 2024-10-29 11:12:25.536143: Inicializacion de la Aplicacion
INFO:root: 2024-10-29 11:12:25.739552: Inicializacion del configurador de ajuste de resolucion
INFO:root: 2024-10-29 11:12:25.739552: assert\QRes.exe /l
INFO:root: 2024-10-29 11:12:25.789087: Inicializacion del configurador de ajuste de resolucion
INFO:root: 2024-10-29 11:12:25.789087: assert\QRes.exe /l
INFO:root: 2024-10-29 11:12:33.668685: Se selecciono el directorio C:/APPS/006- Proyecto Instalador de servicio/Instalador Servicio Unicos V0.300/Codigo Fuente/Middleware donde se identificaran los reportes
INFO:root: 2024-10-29 11:12:33.668685: Empezando a identificar el servicio de la ruta C:\APPS\006- Proyecto Instalador de servicio\Instalador Servicio Unicos V0.300\Codigo Fuente\Middleware\Middleware\Appointment\bin\Sidesys.Services.ApplicationService.exe
ERROR:root: 2024-10-29 11:12:34.648957: La carpeta Appointment no existe
INFO:root: 2024-10-29 11:12:34.648957:buscando site que coincidan con la ruta C:\APPS\006- Proyecto Instalador de servicio\Instalador Servicio Unicos V0.300\Codigo Fuente\Middleware\FrontEnd\Appointment
INFO:root: 2024-10-29 11:12:34.648957:empezando la consulta en poweshell
INFO:root: 2024-10-29 11:12:34.648957:Get-WebApplication | select physicalPath
INFO:root: 2024-10-29 11:12:37.150245:empezando la consulta en poweshell
INFO:root: 2024-10-29 11:12:37.150245:Get-WebApplication | select path,applicationPool,enabledprotocols
INFO:root: 2024-10-29 11:12:38.893733:buscando site que coincidan con la ruta C:\APPS\006- Proyecto Instalador de servicio\Instalador Servicio Unicos V0.300\Codigo Fuente\Middleware\FrontEnd\Appointment
INFO:root: 2024-10-29 11:12:38.893733:empezando la consulta en poweshell
INFO:root: 2024-10-29 11:12:38.893733:Get-WebSite | select id,physicalPath
INFO:root: 2024-10-29 11:12:40.581508:empezando la consulta en poweshell
INFO:root: 2024-10-29 11:12:40.581508:Get-WebSite | select name,state,enabledprotocols
ERROR:root: 2024-10-29 11:12:42.398556: No se encontro aplicacion o site asociado a este paquete
ERROR:root: 2024-10-29 11:12:42.493374: No se ha identificado correctamente el udl, por favor revisarlos
ERROR:root: 2024-10-29 11:12:42.493374: (-2147352567, 'Ocurrió una excepción.', (0, 'ADODB.Stream', 'No se pudo abrir el archivo.', 'C:\\WINDOWS\\HELP\\ADO270.CHM', 1240642, -2146825286), None)
ERROR:root: 2024-10-29 11:12:42.494029: No se ha identificado correctamente el udl, por favor revisarlos
ERROR:root: 2024-10-29 11:12:42.496037: (-2147352567, 'Ocurrió una excepción.', (0, 'ADODB.Stream', 'No se pudo abrir el archivo.', 'C:\\WINDOWS\\HELP\\ADO270.CHM', 1240642, -2146825286), None)
ERROR:root: 2024-10-29 11:12:42.496037: Hubo un error al identificar los udls 
INFO:root: 2024-10-29 13:42:06.472735: Inicializacion de la Aplicacion
INFO:root: 2024-10-29 13:42:07.005118: Inicializacion del configurador de ajuste de resolucion
INFO:root: 2024-10-29 13:42:07.005118: assert\QRes.exe /l
INFO:root: 2024-10-29 13:42:07.027597: Inicializacion del configurador de ajuste de resolucion
INFO:root: 2024-10-29 13:42:07.027597: assert\QRes.exe /l
INFO:root: 2024-10-29 13:42:16.579640: Se selecciono el directorio C:/APPS/006- Proyecto Instalador de servicio/Instalador Servicio Unicos V0.300/Codigo Fuente/Middleware donde se identificaran los reportes
INFO:root: 2024-10-29 13:42:16.580143: Empezando a identificar el servicio de la ruta C:\APPS\006- Proyecto Instalador de servicio\Instalador Servicio Unicos V0.300\Codigo Fuente\Middleware\Middleware\Appointment\bin\Sidesys.Services.ApplicationService.exe
ERROR:root: 2024-10-29 13:42:17.194854: La carpeta Appointment no existe
INFO:root: 2024-10-29 13:42:17.194854:buscando site que coincidan con la ruta C:\APPS\006- Proyecto Instalador de servicio\Instalador Servicio Unicos V0.300\Codigo Fuente\Middleware\FrontEnd\Appointment
INFO:root: 2024-10-29 13:42:17.194854:empezando la consulta en poweshell
INFO:root: 2024-10-29 13:42:17.194854:Get-WebApplication | select physicalPath
INFO:root: 2024-10-29 13:42:19.092536:empezando la consulta en poweshell
INFO:root: 2024-10-29 13:42:19.092536:Get-WebApplication | select path,applicationPool,enabledprotocols
INFO:root: 2024-10-29 13:42:20.738069:buscando site que coincidan con la ruta C:\APPS\006- Proyecto Instalador de servicio\Instalador Servicio Unicos V0.300\Codigo Fuente\Middleware\FrontEnd\Appointment
INFO:root: 2024-10-29 13:42:20.738604:empezando la consulta en poweshell
INFO:root: 2024-10-29 13:42:20.738655:Get-WebSite | select id,physicalPath
INFO:root: 2024-10-29 13:42:22.247110:empezando la consulta en poweshell
INFO:root: 2024-10-29 13:42:22.247110:Get-WebSite | select name,state,enabledprotocols
ERROR:root: 2024-10-29 13:42:23.734153: No se encontro aplicacion o site asociado a este paquete
ERROR:root: 2024-10-29 13:42:23.772669: No se ha identificado correctamente el udl, por favor revisarlos
ERROR:root: 2024-10-29 13:42:23.772669: (-2147352567, 'Ocurrió una excepción.', (0, 'ADODB.Stream', 'No se pudo abrir el archivo.', 'C:\\WINDOWS\\HELP\\ADO270.CHM', 1240642, -2146825286), None)
ERROR:root: 2024-10-29 13:42:23.782211: No se ha identificado correctamente el udl, por favor revisarlos
ERROR:root: 2024-10-29 13:42:23.782211: (-2147352567, 'Ocurrió una excepción.', (0, 'ADODB.Stream', 'No se pudo abrir el archivo.', 'C:\\WINDOWS\\HELP\\ADO270.CHM', 1240642, -2146825286), None)
ERROR:root: 2024-10-29 13:42:23.782211: Hubo un error al identificar los udls 
INFO:root: 2024-10-29 13:42:23.782211: El path no ha podido ser cambiado, asegurese que dentro del campo ha modificar no halla espacio en blanco
ERROR:root: 2024-10-29 13:42:23.782211: No se ha cargado el dato
ERROR:root: 2024-10-29 13:42:23.782211: wrong # args: should be ".!frame34.!entry insert index text"
INFO:root: 2024-10-29 13:42:23.782211: El path no ha podido ser cambiado, asegurese que dentro del campo ha modificar no halla espacio en blanco
ERROR:root: 2024-10-29 13:42:23.782211: No se ha cargado el dato
ERROR:root: 2024-10-29 13:42:23.782211: wrong # args: should be ".!frame34.!entry2 insert index text"
INFO:root: 2024-10-29 13:42:23.782211: El path no ha podido ser cambiado, asegurese que dentro del campo ha modificar no halla espacio en blanco
ERROR:root: 2024-10-29 13:42:23.782211: No se ha cargado el dato
ERROR:root: 2024-10-29 13:42:23.782211: wrong # args: should be ".!frame34.!entry3 insert index text"
INFO:root: 2024-10-29 13:42:23.782211: El path no ha podido ser cambiado, asegurese que dentro del campo ha modificar no halla espacio en blanco
ERROR:root: 2024-10-29 13:42:23.782211: No se ha cargado el dato
ERROR:root: 2024-10-29 13:42:23.782211: wrong # args: should be ".!frame34.!entry4 insert index text"
INFO:root: 2024-10-29 13:42:23.782211: El path no ha podido ser cambiado, asegurese que dentro del campo ha modificar no halla espacio en blanco
ERROR:root: 2024-10-29 13:42:23.782211: No se ha cargado el dato
ERROR:root: 2024-10-29 13:42:23.782211: wrong # args: should be ".!frame34.!entry5 insert index text"
INFO:root: 2024-10-29 13:42:23.782211: El path no ha podido ser cambiado, asegurese que dentro del campo ha modificar no halla espacio en blanco
ERROR:root: 2024-10-29 13:42:23.782211: No se ha cargado el dato
ERROR:root: 2024-10-29 13:42:23.782211: wrong # args: should be ".!frame34.!entry7 insert index text"
INFO:root: 2024-10-29 13:42:23.782211: El path no ha podido ser cambiado, asegurese que dentro del campo ha modificar no halla espacio en blanco
ERROR:root: 2024-10-29 13:42:23.782211: No se ha cargado el dato
ERROR:root: 2024-10-29 13:42:23.782211: wrong # args: should be ".!frame34.!entry6 insert index text"
INFO:root: 2024-10-29 13:42:23.782211: El path no ha podido ser cambiado, asegurese que dentro del campo ha modificar no halla espacio en blanco
ERROR:root: 2024-10-29 13:42:23.782211: No se ha cargado el dato
ERROR:root: 2024-10-29 13:42:23.782211: wrong # args: should be ".!frame34.!entry8 insert index text"
INFO:root: 2024-10-29 13:42:23.782211: El path no ha podido ser cambiado, asegurese que dentro del campo ha modificar no halla espacio en blanco
ERROR:root: 2024-10-29 13:42:23.782211: No se ha cargado el dato
ERROR:root: 2024-10-29 13:42:23.782211: wrong # args: should be ".!frame35.!entry insert index text"
INFO:root: 2024-10-29 13:42:23.782211: El path no ha podido ser cambiado, asegurese que dentro del campo ha modificar no halla espacio en blanco
ERROR:root: 2024-10-29 13:42:23.782211: No se ha cargado el dato
ERROR:root: 2024-10-29 13:42:23.782211: wrong # args: should be ".!frame35.!entry2 insert index text"
INFO:root: 2024-10-29 13:42:23.782211: El path no ha podido ser cambiado, asegurese que dentro del campo ha modificar no halla espacio en blanco
ERROR:root: 2024-10-29 13:42:23.789725: No se ha cargado el dato
ERROR:root: 2024-10-29 13:42:23.789725: wrong # args: should be ".!frame35.!entry3 insert index text"
INFO:root: 2024-10-29 13:42:23.790466: El path no ha podido ser cambiado, asegurese que dentro del campo ha modificar no halla espacio en blanco
ERROR:root: 2024-10-29 13:42:23.790466: No se ha cargado el dato
ERROR:root: 2024-10-29 13:42:23.790466: wrong # args: should be ".!frame35.!entry4 insert index text"
INFO:root: 2024-10-29 13:42:23.790466: El path no ha podido ser cambiado, asegurese que dentro del campo ha modificar no halla espacio en blanco
ERROR:root: 2024-10-29 13:42:23.790466: No se ha cargado el dato
ERROR:root: 2024-10-29 13:42:23.790466: wrong # args: should be ".!frame35.!entry5 insert index text"
INFO:root: 2024-10-29 13:42:23.791485: El path no ha podido ser cambiado, asegurese que dentro del campo ha modificar no halla espacio en blanco
ERROR:root: 2024-10-29 13:42:23.791485: No se ha cargado el dato
ERROR:root: 2024-10-29 13:42:23.791485: wrong # args: should be ".!frame36.!entry insert index text"
INFO:root: 2024-10-29 13:42:23.792497: El path no ha podido ser cambiado, asegurese que dentro del campo ha modificar no halla espacio en blanco
ERROR:root: 2024-10-29 13:42:23.792497: No se ha cargado el dato
ERROR:root: 2024-10-29 13:42:23.792497: wrong # args: should be ".!frame36.!entry2 insert index text"
INFO:root: 2024-10-29 13:42:23.792497: El path no ha podido ser cambiado, asegurese que dentro del campo ha modificar no halla espacio en blanco
ERROR:root: 2024-10-29 13:42:23.792497: No se ha cargado el dato
ERROR:root: 2024-10-29 13:42:23.792497: wrong # args: should be ".!frame36.!entry3 insert index text"
INFO:root: 2024-10-29 13:42:23.793494: El path no ha podido ser cambiado, asegurese que dentro del campo ha modificar no halla espacio en blanco
ERROR:root: 2024-10-29 13:42:23.793494: No se ha cargado el dato
ERROR:root: 2024-10-29 13:42:23.793494: wrong # args: should be ".!frame36.!entry4 insert index text"
INFO:root: 2024-10-29 13:42:23.793494: El path no ha podido ser cambiado, asegurese que dentro del campo ha modificar no halla espacio en blanco
ERROR:root: 2024-10-29 13:42:23.793494: No se ha cargado el dato
ERROR:root: 2024-10-29 13:42:23.793494: wrong # args: should be ".!frame36.!entry5 insert index text"
INFO:root: 2024-10-29 13:42:23.794495: El path no ha podido ser cambiado, asegurese que dentro del campo ha modificar no halla espacio en blanco
ERROR:root: 2024-10-29 13:42:23.794495: No se ha cargado el dato
ERROR:root: 2024-10-29 13:42:23.794495: wrong # args: should be ".!frame34.!entry5 insert index text"
INFO:root: 2024-10-29 13:42:23.795493: El path no ha podido ser cambiado, asegurese que dentro del campo ha modificar no halla espacio en blanco
ERROR:root: 2024-10-29 13:42:23.795493: No se ha cargado el dato
ERROR:root: 2024-10-29 13:42:23.795493: wrong # args: should be ".!frame36.!entry7 insert index text"
INFO:root: 2024-10-29 13:42:23.795493: El path no ha podido ser cambiado, asegurese que dentro del campo ha modificar no halla espacio en blanco
ERROR:root: 2024-10-29 13:42:23.795493: No se ha cargado el dato
ERROR:root: 2024-10-29 13:42:23.796499: wrong # args: should be ".!frame36.!entry8 insert index text"
