INFO:root: 2024-10-17 10:25:15.415229: Inicializacion de la Aplicacion
INFO:root: 2024-10-17 10:25:16.186608: Inicializacion del configurador de ajuste de resolucion
INFO:root: 2024-10-17 10:25:16.186608: assert\QRes.exe /l
INFO:root: 2024-10-17 10:25:16.217569: Inicializacion del configurador de ajuste de resolucion
INFO:root: 2024-10-17 10:25:16.218098: assert\QRes.exe /l
INFO:root: 2024-10-17 10:41:31.533425: Inicializacion de la Aplicacion
INFO:root: 2024-10-17 10:41:31.776548: Inicializacion del configurador de ajuste de resolucion
INFO:root: 2024-10-17 10:41:31.776548: assert\QRes.exe /l
INFO:root: 2024-10-17 10:41:31.811436: Inicializacion del configurador de ajuste de resolucion
INFO:root: 2024-10-17 10:41:31.811436: assert\QRes.exe /l
INFO:root: 2024-10-17 10:43:02.531576: Inicializacion de la Aplicacion
INFO:root: 2024-10-17 10:43:02.772120: Inicializacion del configurador de ajuste de resolucion
INFO:root: 2024-10-17 10:43:02.772120: assert\QRes.exe /l
INFO:root: 2024-10-17 10:43:02.807234: Inicializacion del configurador de ajuste de resolucion
INFO:root: 2024-10-17 10:43:02.807234: assert\QRes.exe /l
INFO:root: 2024-10-17 10:51:00.016405: Inicializacion de la Aplicacion
INFO:root: 2024-10-17 10:51:00.186835: Inicializacion del configurador de ajuste de resolucion
INFO:root: 2024-10-17 10:51:00.186835: assert\QRes.exe /l
INFO:root: 2024-10-17 10:51:00.219904: Inicializacion del configurador de ajuste de resolucion
INFO:root: 2024-10-17 10:51:00.219904: assert\QRes.exe /l
INFO:root: 2024-10-17 10:51:06.118829: Se esta seleccionando el directorio para la creacion de la aplicacion
INFO:root: 2024-10-17 10:51:09.309075: Se selecciono el directorio C:/Users/Junior/OneDrive
INFO:root: 2024-10-17 10:51:44.966429: Inicializacion de la Aplicacion
INFO:root: 2024-10-17 10:51:45.136185: Inicializacion del configurador de ajuste de resolucion
INFO:root: 2024-10-17 10:51:45.136185: assert\QRes.exe /l
INFO:root: 2024-10-17 10:51:45.159305: Inicializacion del configurador de ajuste de resolucion
INFO:root: 2024-10-17 10:51:45.159305: assert\QRes.exe /l
INFO:root: 2024-10-17 10:51:55.571943: Se esta seleccionando el directorio para la creacion de la aplicacion
INFO:root: 2024-10-17 10:51:57.930893: Se selecciono el directorio C:/Users/Junior/OneDrive
INFO:root: 2024-10-17 10:52:24.975485: Inicializacion de la Aplicacion
INFO:root: 2024-10-17 10:52:25.136655: Inicializacion del configurador de ajuste de resolucion
INFO:root: 2024-10-17 10:52:25.136655: assert\QRes.exe /l
INFO:root: 2024-10-17 10:52:25.166233: Inicializacion del configurador de ajuste de resolucion
INFO:root: 2024-10-17 10:52:25.166233: assert\QRes.exe /l
INFO:root: 2024-10-17 10:52:29.120094: Se esta seleccionando el directorio para la creacion de la aplicacion
INFO:root: 2024-10-17 10:52:32.213005: Se selecciono el directorio C:/Users/Junior/OneDrive
INFO:root: 2024-10-17 10:53:39.784965: Inicializacion de la Aplicacion
INFO:root: 2024-10-17 10:53:39.954691: Inicializacion del configurador de ajuste de resolucion
INFO:root: 2024-10-17 10:53:39.954691: assert\QRes.exe /l
INFO:root: 2024-10-17 10:53:39.987158: Inicializacion del configurador de ajuste de resolucion
INFO:root: 2024-10-17 10:53:39.988158: assert\QRes.exe /l
INFO:root: 2024-10-17 10:53:44.756884: Se esta seleccionando el directorio para la creacion de la aplicacion
INFO:root: 2024-10-17 10:53:47.653983: Se selecciono el directorio C:/Users/Junior/OneDrive
INFO:root: 2024-10-17 11:27:32.829806: Inicializacion de la Aplicacion
INFO:root: 2024-10-17 11:27:33.075040: Inicializacion del configurador de ajuste de resolucion
INFO:root: 2024-10-17 11:27:33.075040: assert\QRes.exe /l
INFO:root: 2024-10-17 11:27:33.105180: Inicializacion del configurador de ajuste de resolucion
INFO:root: 2024-10-17 11:27:33.105180: assert\QRes.exe /l
INFO:root: 2024-10-17 11:28:27.723199: Inicializacion de la Aplicacion
INFO:root: 2024-10-17 11:28:27.888755: Inicializacion del configurador de ajuste de resolucion
INFO:root: 2024-10-17 11:28:27.888755: assert\QRes.exe /l
INFO:root: 2024-10-17 11:28:27.923890: Inicializacion del configurador de ajuste de resolucion
INFO:root: 2024-10-17 11:28:27.923890: assert\QRes.exe /l
INFO:root: 2024-10-17 11:33:11.857722: Inicializacion de la Aplicacion
INFO:root: 2024-10-17 11:33:12.034936: Inicializacion del configurador de ajuste de resolucion
INFO:root: 2024-10-17 11:33:12.034936: assert\QRes.exe /l
INFO:root: 2024-10-17 11:33:12.061426: Inicializacion del configurador de ajuste de resolucion
INFO:root: 2024-10-17 11:33:12.061426: assert\QRes.exe /l
INFO:root: 2024-10-17 13:19:18.277358: Inicializacion de la Aplicacion
INFO:root: 2024-10-17 13:19:18.562648: Inicializacion del configurador de ajuste de resolucion
INFO:root: 2024-10-17 13:19:18.562648: assert\QRes.exe /l
INFO:root: 2024-10-17 13:19:18.588210: Inicializacion del configurador de ajuste de resolucion
INFO:root: 2024-10-17 13:19:18.588210: assert\QRes.exe /l
