INFO:root: 2025-03-18 11:34:37.117534: Inicializacion de la Aplicacion
INFO:root: 2025-03-18 11:34:37.471032: Inicializacion del configurador de ajuste de resolucion
INFO:root: 2025-03-18 11:34:37.471032: assert\QRes.exe /l
INFO:root: 2025-03-18 11:34:37.499224: Inicializacion del configurador de ajuste de resolucion
INFO:root: 2025-03-18 11:34:37.499224: assert\QRes.exe /l
INFO:root: 2025-03-18 11:36:00.746281: Inicializacion de la Aplicacion
INFO:root: 2025-03-18 11:36:00.962004: Inicializacion del configurador de ajuste de resolucion
INFO:root: 2025-03-18 11:36:00.962004: assert\QRes.exe /l
INFO:root: 2025-03-18 11:36:00.987131: Inicializacion del configurador de ajuste de resolucion
INFO:root: 2025-03-18 11:36:00.987131: assert\QRes.exe /l
INFO:root: 2025-03-18 11:36:26.346236: Inicializacion de la Aplicacion
INFO:root: 2025-03-18 11:36:26.544497: Inicializacion del configurador de ajuste de resolucion
INFO:root: 2025-03-18 11:36:26.544497: assert\QRes.exe /l
INFO:root: 2025-03-18 11:36:26.576064: Inicializacion del configurador de ajuste de resolucion
INFO:root: 2025-03-18 11:36:26.576064: assert\QRes.exe /l
INFO:root: 2025-03-18 11:37:04.329670: Inicializacion de la Aplicacion
INFO:root: 2025-03-18 11:37:04.533627: Inicializacion del configurador de ajuste de resolucion
INFO:root: 2025-03-18 11:37:04.533627: assert\QRes.exe /l
INFO:root: 2025-03-18 11:37:04.564275: Inicializacion del configurador de ajuste de resolucion
INFO:root: 2025-03-18 11:37:04.564275: assert\QRes.exe /l
INFO:root: 2025-03-18 11:37:08.727225: Se esta seleccionando el directorio para la creacion de la aplicacion
INFO:root: 2025-03-18 11:37:11.509890: Se selecciono el directorio C:/APPS/006- Proyecto Instalador de servicio/Instalador Servicio Unicos V0.750/Codigo Fuente/FrontEnd
INFO:root: 2025-03-18 11:37:43.764556: Inicializacion de la Aplicacion
INFO:root: 2025-03-18 11:37:44.008894: Inicializacion del configurador de ajuste de resolucion
INFO:root: 2025-03-18 11:37:44.008894: assert\QRes.exe /l
INFO:root: 2025-03-18 11:37:44.040372: Inicializacion del configurador de ajuste de resolucion
INFO:root: 2025-03-18 11:37:44.040372: assert\QRes.exe /l
INFO:root: 2025-03-18 11:37:47.986021: Se esta seleccionando el directorio para la creacion de la aplicacion
INFO:root: 2025-03-18 11:37:50.543026: Se selecciono el directorio C:/APPS/006- Proyecto Instalador de servicio/Instalador Servicio Unicos V0.750/Codigo Fuente/FrontEnd
INFO:root: 2025-03-18 11:38:26.030941: Inicializacion de la Aplicacion
INFO:root: 2025-03-18 11:38:26.217808: Inicializacion del configurador de ajuste de resolucion
INFO:root: 2025-03-18 11:38:26.217808: assert\QRes.exe /l
INFO:root: 2025-03-18 11:38:26.248532: Inicializacion del configurador de ajuste de resolucion
INFO:root: 2025-03-18 11:38:26.248532: assert\QRes.exe /l
INFO:root: 2025-03-18 11:38:30.755108: Se esta seleccionando el directorio para la creacion de la aplicacion
INFO:root: 2025-03-18 11:38:33.371481: Se selecciono el directorio C:/APPS/006- Proyecto Instalador de servicio/Instalador Servicio Unicos V0.750/Codigo Fuente/FrontEnd
INFO:root: 2025-03-18 11:40:49.107889: Inicializacion de la Aplicacion
INFO:root: 2025-03-18 11:40:49.320920: Inicializacion del configurador de ajuste de resolucion
INFO:root: 2025-03-18 11:40:49.324014: assert\QRes.exe /l
INFO:root: 2025-03-18 11:40:49.356253: Inicializacion del configurador de ajuste de resolucion
INFO:root: 2025-03-18 11:40:49.356776: assert\QRes.exe /l
INFO:root: 2025-03-18 11:40:54.254003: Se esta seleccionando el directorio para la creacion de la aplicacion
INFO:root: 2025-03-18 11:40:56.807257: Se selecciono el directorio C:/APPS/006- Proyecto Instalador de servicio/Instalador Servicio Unicos V0.750/Codigo Fuente/FrontEnd
